<?xml version="1.0" encoding="UTF-8"?>
<coverage generated="1740750382080" clover="3.2.0">
  <project timestamp="1740750382080" name="All files">
    <metrics statements="18" coveredstatements="18" conditionals="0" coveredconditionals="0" methods="8" coveredmethods="8" elements="26" coveredelements="26" complexity="0" loc="18" ncloc="18" packages="1" files="2" classes="2"/>
    <file name="counterSlice.js" path="F:\FOCUS BREAR\Milestone 8 - Jest for Unit Tests\src\redux\slices\counterSlice.js">
      <metrics statements="6" coveredstatements="6" conditionals="0" coveredconditionals="0" methods="3" coveredmethods="3"/>
      <line num="3" count="2" type="stmt"/>
      <line num="7" count="2" type="stmt"/>
      <line num="12" count="1" type="stmt"/>
      <line num="15" count="1" type="stmt"/>
      <line num="18" count="1" type="stmt"/>
      <line num="23" count="2" type="stmt"/>
    </file>
    <file name="dataSlice.js" path="F:\FOCUS BREAR\Milestone 8 - Jest for Unit Tests\src\redux\slices\dataSlice.js">
      <metrics statements="12" coveredstatements="12" conditionals="0" coveredconditionals="0" methods="5" coveredmethods="5"/>
      <line num="3" count="3" type="stmt"/>
      <line num="4" count="2" type="stmt"/>
      <line num="5" count="1" type="stmt"/>
      <line num="8" count="3" type="stmt"/>
      <line num="13" count="2" type="stmt"/>
      <line num="15" count="1" type="stmt"/>
      <line num="16" count="1" type="stmt"/>
      <line num="17" count="1" type="stmt"/>
      <line num="20" count="1" type="stmt"/>
      <line num="21" count="1" type="stmt"/>
      <line num="24" count="1" type="stmt"/>
      <line num="25" count="1" type="stmt"/>
    </file>
  </project>
</coverage>
